commit ac896b41035a81a6d88effaa614535e9abc9ac8e
Author: yagublj1 <jeyhun.yagublu@aalto.fi>
Date:   Mon Apr 4 14:50:28 2022 +0300

    WSL is fucked up

commit 68c4ec4a81d9d5479fadc0b787c55a01901133e2
Author: yagublj1 <jeyhun.yagublu@aalto.fi>
Date:   Fri Apr 1 17:08:41 2022 +0300

     Report 1st part 2nd question

commit 73ac1af4bc0c42252b9a948f901173a8ef52f351
Author: yagublj1 <jeyhun.yagublu@aalto.fi>
Date:   Thu Mar 31 16:28:55 2022 +0300

    report start

commit 925b419e414eb567a3cefeb9f5799b39199849a4
Author: yagublj1 <jeyhun.yagublu@aalto.fi>
Date:   Tue Mar 29 13:28:58 2022 +0300

    Initial

commit df3ab0b0a8feab9632effe0cb444ca82654a4166
Author: yagublj1 <jeyhun.yagublu@aalto.fi>
Date:   Fri Mar 18 03:59:04 2022 +0200

    Starting part 3

commit 53f9c688c625b03fce6e74a526b18f17bb2176b7
Author: yagublj1 <jeyhun.yagublu@aalto.fi>
Date:   Fri Mar 18 03:45:41 2022 +0200

    Starting part 3

commit ba17a7c65abd6e57faa862d85d57339fc401421b
Author: yagublj1 <jeyhun.yagublu@aalto.fi>
Date:   Fri Mar 18 03:44:19 2022 +0200

    Starting part 3

commit 6d8d46e68e53a3e927434abd81e1c18dabd9c5ed
Author: yagublj1 <jeyhun.yagublu@aalto.fi>
Date:   Fri Mar 18 03:20:40 2022 +0200

    finished part 2 now writing deployment rreport

commit 2c8c48b7ce7f18c4773262594e13c8db7f2c1135
Author: yagublj1 <jeyhun.yagublu@aalto.fi>
Date:   Fri Mar 18 00:04:45 2022 +0200

    Everything works final code probably

commit 5b9fa18391f615497c05d2266bf444c48076a605
Author: yagublj1 <jeyhun.yagublu@aalto.fi>
Date:   Thu Mar 17 22:06:52 2022 +0200

    Everything works final code probably

commit 9d1b5f4db806c74d80450c78301b34f76ce1fdc5
Author: yagublj1 <jeyhun.yagublu@aalto.fi>
Date:   Thu Mar 17 16:47:05 2022 +0200

    Cassandra ingestion works and somehow done, having a breakdown hahaha

commit 91dc0718d6bf838a86b255262cef20f9019ccec2
Author: yagublj1 <jeyhun.yagublu@aalto.fi>
Date:   Thu Mar 17 03:55:13 2022 +0200

    Consumer done + count analytics

commit 5f3f0f105bd494ee8103350c373892cc1fe09592
Author: yagublj1 <jeyhun.yagublu@aalto.fi>
Date:   Thu Mar 17 03:35:06 2022 +0200

    Producer done

commit 69fa88c21ed42247a7563ed02e07f61eeab1d759
Author: yagublj1 <jeyhun.yagublu@aalto.fi>
Date:   Thu Mar 17 03:31:41 2022 +0200

    Producer done

commit ae92a77fafa31bba7dc7be93392800dc83d25941
Author: yagublj1 <jeyhun.yagublu@aalto.fi>
Date:   Thu Mar 17 03:21:16 2022 +0200

    Producer done

commit a48b40d05f70729e329d5630cb05b2671b5f2626
Author: yagublj1 <jeyhun.yagublu@aalto.fi>
Date:   Thu Mar 17 02:48:48 2022 +0200

    Producer done

commit 3c492f700afb9c6d8eca3968c52b485791f0f3a4
Author: yagublj1 <jeyhun.yagublu@aalto.fi>
Date:   Thu Mar 17 02:13:38 2022 +0200

    Trying to ocnfigure and connect rabbitmq

commit dd00ee5b50ddae681807112766b4493433f05e1c
Author: yagublj1 <jeyhun.yagublu@aalto.fi>
Date:   Wed Mar 16 18:16:39 2022 +0200

    Part 2 start

commit 336d1a188647f474a279ee4dcc388358cc5c20e6
Author: yagublj1 <jeyhun.yagublu@aalto.fi>
Date:   Wed Mar 16 16:49:33 2022 +0200

    1.3

commit 36c4ad0be26eaf2a67628fda3c5c739b850b0560
Author: yagublj1 <jeyhun.yagublu@aalto.fi>
Date:   Wed Mar 16 16:47:04 2022 +0200

    1.3

commit 25339330327bd7d9014193fb8803d97697033fdb
Author: yagublj1 <jeyhun.yagublu@aalto.fi>
Date:   Wed Mar 16 16:28:49 2022 +0200

    1.3

commit 01e1f535805fb8ba1a9e76d73aac8f588d5d97b2
Author: yagublj1 <jeyhun.yagublu@aalto.fi>
Date:   Wed Mar 16 16:07:14 2022 +0200

    1.3

commit c3de659fcf34a2c468fed18d16e097328021fffd
Author: yagublj1 <jeyhun.yagublu@aalto.fi>
Date:   Wed Mar 16 15:32:44 2022 +0200

    1.2

commit 9f14d29a234d407123af142f9dcd343bd3e8fad2
Author: yagublj1 <jeyhun.yagublu@aalto.fi>
Date:   Wed Mar 16 15:18:18 2022 +0200

    1.1

commit ba0299a0a37dcd47dd98cafc9459af2ca1e0d445
Author: yagublj1 <jeyhun.yagublu@aalto.fi>
Date:   Tue Mar 15 23:31:03 2022 +0200

    Part 1 without report because I accidentally deleted all report :''''''''(

commit 70ce0c71de5706454cc4e508245b635c2fb780ed
Author: yagublj1 <jeyhun.yagublu@aalto.fi>
Date:   Mon Mar 14 08:03:20 2022 +0200

    init

commit 2bf4a06d794e891ecd01981566977c437665fd80
Author: yagublj1 <jeyhun.yagublu@aalto.fi>
Date:   Sun Mar 13 16:58:32 2022 +0200

    initial commit

commit 4cf8b6d923fff829658d6ff7e8ab75a054e7ef38
Author: Jeyhun Yagublu <jeyhun.yagublu@aalto.fi>
Date:   Fri Mar 11 09:20:20 2022 +0200

    start

commit a42e3942f03adfa84d682651e0520bed612bd579
Author: Jeyhun Yagublu <jeyhun.yagublu@aalto.fi>
Date:   Fri Mar 11 09:20:01 2022 +0200

    start

commit 27b289b3c4e3c7abdfd6c5b8bba11bf68c322e58
Author: Jeyhun Yagublu <jeyhun.yagublu@aalto.fi>
Date:   Thu Mar 10 19:45:04 2022 +0200

     deleted identifiers

commit 46e389eb12450cf791184c7995eb78a8cf84527a
Author: netcamo <cyaqublu@gmail.com>
Date:   Fri Feb 18 09:53:11 2022 +0100

    Update README.md

commit 785e3980e3d68c5acf2aacfeb27a02a49dfaab62
Author: netcamo <cyaqublu@gmail.com>
Date:   Fri Feb 18 09:52:46 2022 +0100

    Update Assignment-1-Report.md

commit a7c0ed84c53b1178628b933778a10dc91ffddeb0
Author: netcamo <cyaqublu@gmail.com>
Date:   Fri Feb 18 09:52:27 2022 +0100

    Update Assignment-1-Deployment.md

commit f44d76b72dc4d1fc485a40ffd6df54590755337a
Author: netcamo <cyaqublu@gmail.com>
Date:   Fri Feb 18 09:52:08 2022 +0100

    Update assignment-git.log

commit 4de97b2fcfa239c118046e012ee432ee48ccb808
Author: netcamo <cyaqublu@gmail.com>
Date:   Fri Feb 18 09:50:50 2022 +0100

    Delete ingest_coredms.py

commit da575c29ea48e8f557cfbcb0986ba4d6d1f7b009
Author: netcamo <cyaqublu@gmail.com>
Date:   Fri Feb 18 09:50:35 2022 +0100

    Update dataingest.py

commit 8820e370531714c15cfe7f424e41398c71cbf014
Author: netcamo <cyaqublu@gmail.com>
Date:   Fri Feb 18 09:33:18 2022 +0100

    Delete trial.py

commit 98c3970f8267e6411ffdfd2ae93496441462d634
Author: yagublj1 <jeyhun.yagublu@aalto.fi>
Date:   Thu Feb 17 22:39:05 2022 +0200

    commit logs, code  changes , report of deployment

commit e3d125b663931ff2f31f77c28101b5bbd341906a
Author: yagublj1 <jeyhun.yagublu@aalto.fi>
Date:   Thu Feb 17 22:37:10 2022 +0200

    report

commit 3df8321f0380ba465f114571f9ce311809d7cc0c
Author: yagublj1 <jeyhun.yagublu@aalto.fi>
Date:   Thu Feb 17 22:01:52 2022 +0200

    report

commit dcb53bf7ec482bd949759f759e7fe4c29079a6f7
Author: yagublj1 <jeyhun.yagublu@aalto.fi>
Date:   Thu Feb 17 22:01:03 2022 +0200

    report

commit 1a8657123de08e00dbd3a533eb9fb35c64e0e423
Author: yagublj1 <jeyhun.yagublu@aalto.fi>
Date:   Thu Feb 17 22:00:40 2022 +0200

    report

commit 5dbb51eeee8a0921d35d5ebc50b095b1eec8b30b
Author: yagublj1 <jeyhun.yagublu@aalto.fi>
Date:   Thu Feb 17 21:57:57 2022 +0200

    report

commit 1640774fc978f1eaeddf13b2c107738a89e08935
Author: yagublj1 <jeyhun.yagublu@aalto.fi>
Date:   Thu Feb 17 21:09:18 2022 +0200

    increased Heap size of casandra containers

commit 98713a33bfa60cd7081e819f7d55a0e1807e8deb
Author: yagublj1 <jeyhun.yagublu@aalto.fi>
Date:   Thu Feb 17 19:00:18 2022 +0200

    some changes

commit 6933f2dba16b1268b2280878f03cd77fba02449b
Author: yagublj1 <jeyhun.yagublu@aalto.fi>
Date:   Thu Feb 17 16:53:55 2022 +0200

    code change

commit d36010c0ac9c83d6d5df81abfb3147531d9250db
Author: yagublj1 <jeyhun.yagublu@aalto.fi>
Date:   Thu Feb 17 16:53:24 2022 +0200

    more report

commit cccb07cc0381953c9bc855b91ade917f953a790e
Author: yagublj1 <jeyhun.yagublu@aalto.fi>
Date:   Thu Feb 17 15:21:48 2022 +0200

    further report

commit a9f4cc3fa584c7728ea9f5a6bf87eac9a2fd378e
Author: yagublj1 <jeyhun.yagublu@aalto.fi>
Date:   Wed Feb 16 23:56:45 2022 +0200

    inital report

commit e066446e9ed206c2d83a683f0d443b23c7a694ad
Author: yagublj1 <jeyhun.yagublu@aalto.fi>
Date:   Wed Feb 16 21:17:21 2022 +0200

    designed and implemented coredms and data ingest , maybe need some changes

commit 6aa9b40b11e1ba8d12cb4ac4b1c274bca1dcc0a2
Author: yagublj1 <jeyhun.yagublu@aalto.fi>
Date:   Tue Feb 15 18:14:10 2022 +0200

    Added my project
