Tenant Common tool initiated
Creating the table for  tenant_id=tenant_1, file_name=data_small.csv, table_name=Listing_table_2
Starting batch Ingest
Finished the ingestion 
 status=success, tenant_id=tenant_1, file_name=data_small.csv, file_size_bytes=19477, table_name=Listing_table_2, ingestion_rows=237, total_time_cost=5.690535545349121 seconds
Tenant Common tool initiated
Creating the table for  tenant_id=tenant_1, file_name=data_small.csv, table_name=listings
Starting batch Ingest
Finished the ingestion 
 status=success, tenant_id=tenant_1, file_name=data_small.csv, file_size_bytes=19477, table_name=listings, ingestion_rows=237, total_time_cost=7.287861585617065 seconds
Tenant Common tool initiated
Creating the table for  tenant_id=tenant_1, file_name=data.csv, table_name=Listing_table_2
Starting batch Ingest
Finished the ingestion 
 status=success, tenant_id=tenant_1, file_name=data.csv, file_size_bytes=470514, table_name=Listing_table_2, ingestion_rows=5556, total_time_cost=60.319260120391846 seconds
Tenant Common tool initiated
Creating the table for  tenant_id=tenant_1, file_name=data.csv, table_name=listings
Starting batch Ingest
Finished the ingestion 
 status=success, tenant_id=tenant_1, file_name=data.csv, file_size_bytes=470514, table_name=listings, ingestion_rows=5556, total_time_cost=68.4549822807312 seconds
