Tenant Common tool initiated
Creating the table for  tenant_id=tenant_2, file_name=data_small.csv, table_name=another_listing
Starting batch Ingest
Finished the ingestion 
 status=success, tenant_id=tenant_2, file_name=data_small.csv, file_size_bytes=19477, table_name=another_listing, ingestion_rows=237, total_time_cost=16.835522413253784 seconds
Tenant Common tool initiated
Creating the table for  tenant_id=tenant_2, file_name=data_small.csv, table_name=New_table_2
Starting batch Ingest
Finished the ingestion 
 status=success, tenant_id=tenant_2, file_name=data_small.csv, file_size_bytes=19477, table_name=New_table_2, ingestion_rows=237, total_time_cost=6.2079339027404785 seconds
Tenant Common tool initiated
Creating the table for  tenant_id=tenant_2, file_name=data.csv, table_name=another_listing
Starting batch Ingest
Finished the ingestion 
 status=success, tenant_id=tenant_2, file_name=data.csv, file_size_bytes=470514, table_name=another_listing, ingestion_rows=5556, total_time_cost=88.1144802570343 seconds
Tenant Common tool initiated
Creating the table for  tenant_id=tenant_2, file_name=data.csv, table_name=New_table_2
Starting batch Ingest
Finished the ingestion 
 status=success, tenant_id=tenant_2, file_name=data.csv, file_size_bytes=470514, table_name=New_table_2, ingestion_rows=5556, total_time_cost=77.65294480323792 seconds
